<?xml version="1.0" encoding="UTF-8"?>
<!-- Generated by org.testng.reporters.JUnitReportReporter -->
<testsuite hostname="DESKTOP-P1J0737" failures="0" tests="1" name="com.testng.demo.Search" time="14.640" errors="0" timestamp="2022-10-01T11:37:37 IST" skipped="0">
  <testcase classname="com.testng.demo.Search" name="search" time="14.640"/>
  <system-out/>
</testsuite> <!-- com.testng.demo.Search -->
