<?xml version="1.0" encoding="UTF-8"?>
<!-- Generated by org.testng.reporters.JUnitReportReporter -->
<testsuite hostname="DESKTOP-P1J0737" failures="0" tests="1" name="com.testng.demo.AutomateAppTestNg" time="101.442" errors="0" timestamp="2022-09-30T11:58:15 IST" skipped="0">
  <testcase classname="com.testng.demo.AutomateAppTestNg" name="oracle" time="101.442"/>
  <system-out/>
</testsuite> <!-- com.testng.demo.AutomateAppTestNg -->
