<?xml version="1.0" encoding="UTF-8"?>
<!-- Generated by org.testng.reporters.JUnitReportReporter -->
<testsuite hostname="DESKTOP-P1J0737" failures="0" tests="1" name="com.testng.demo.Registration" time="28.605" errors="0" timestamp="2022-10-01T10:53:22 IST" skipped="0">
  <testcase classname="com.testng.demo.Registration" name="register" time="28.605"/>
  <system-out/>
</testsuite> <!-- com.testng.demo.Registration -->
