<?xml version="1.0" encoding="UTF-8"?>
<!-- Generated by org.testng.reporters.JUnitReportReporter -->
<testsuite hostname="DESKTOP-P1J0737" failures="0" tests="1" name="com.testng.demo.Login" time="9.758" errors="0" timestamp="2022-10-01T11:13:21 IST" skipped="0">
  <testcase classname="com.testng.demo.Login" name="login" time="9.758"/>
  <system-out/>
</testsuite> <!-- com.testng.demo.Login -->
