<?xml version="1.0" encoding="UTF-8"?>
<!-- Generated by org.testng.reporters.JUnitReportReporter -->
<testsuite hostname="DESKTOP-P1J0737" failures="0" tests="1" name="com.testng.demo.AddToCart" time="17.493" errors="0" timestamp="2022-10-01T11:24:18 IST" skipped="0">
  <testcase classname="com.testng.demo.AddToCart" name="addtocart" time="17.493"/>
  <system-out/>
</testsuite> <!-- com.testng.demo.AddToCart -->
